{"/Users/lucasscode/Documents/workspace/restaurant-web/src/infra/http/http-service.ts": {"path":"/Users/lucasscode/Documents/workspace/restaurant-web/src/infra/http/http-service.ts","statementMap":{"0":{"start":{"line":5,"column":32},"end":{"line":5,"column":39}},"1":{"start":{"line":6,"column":16},"end":{"line":6,"column":102}},"2":{"start":{"line":7,"column":4},"end":{"line":12,"column":null}},"3":{"start":{"line":8,"column":23},"end":{"line":8,"column":60}},"4":{"start":{"line":9,"column":6},"end":{"line":9,"column":null}},"5":{"start":{"line":11,"column":6},"end":{"line":11,"column":null}},"6":{"start":{"line":3,"column":0},"end":{"line":3,"column":13}}},"fnMap":{"0":{"name":"(anonymous_0)","decl":{"start":{"line":4,"column":2},"end":{"line":4,"column":7}},"loc":{"start":{"line":4,"column":33},"end":{"line":13,"column":3}}}},"branchMap":{"0":{"loc":{"start":{"line":6,"column":16},"end":{"line":6,"column":102}},"type":"cond-expr","locations":[{"start":{"line":6,"column":33},"end":{"line":6,"column":88}},{"start":{"line":6,"column":91},"end":{"line":6,"column":102}}]}},"s":{"0":2,"1":2,"2":2,"3":2,"4":1,"5":1,"6":1},"f":{"0":2},"b":{"0":[0,2]}}
}
